date: "2015-04-26 00:43:33.483"
argv: "node G:\\Users\\kyle\\AppData\\Roaming\\npm\\node_modules\\hexo\\bin\\hexo deploy"
os: Windows_NT 6.2.9200 win32 x64
versions:
  http_parser: "1.0"
  node: 0.10.26
  v8: 3.14.5.9
  ares: 1.9.0-DEV
  uv: 0.10.25
  zlib: 1.2.3
  modules: "11"
  openssl: 1.0.1e
  hexo: 2.8.3
---
[debug] 00:43:32.996 Config file loaded from F:\mywork\github\qingxiao.github.io\hexo\_config.yml[debug] 00:43:32.999 Version info checked successfully[debug] 00:43:33.024 Loading database.[debug] 00:43:33.071 Processed: draft.md (2ms)[debug] 00:43:33.071 Processed: page.md (1ms)[debug] 00:43:33.075 Processed: post.md (5ms)[debug] 00:43:33.076 Processed: photo.md (6ms)[debug] 00:43:33.250 Plugin loaded successfully: hexo-deployer-git[debug] 00:43:33.266 Plugin loaded successfully: hexo-renderer-ejs[debug] 00:43:33.283 Plugin loaded successfully: hexo-renderer-marked[debug] 00:43:33.465 Plugin loaded successfully: hexo-renderer-stylus[debug] 00:43:33.470 Plugin loaded successfully: hexo-tag-bootstrap[info] 00:43:33.472 Start deploying: git[error] 00:43:33.473 TypeError: Arguments to path.join must be strings
TypeError: Arguments to path.join must be strings
    at f (path.js:204:15)
    at Object.filter (native)
    at Object.exports.join (path.js:209:40)
    at Object.module.exports [as git] (F:\mywork\github\qingxiao.github.io\hexo\node_modules\hexo-deployer-git\lib\deployer.js:18:26)
    at G:\Users\kyle\AppData\Roaming\npm\node_modules\hexo\lib\plugins\console\deploy.js:76:22
    at iterate (G:\Users\kyle\AppData\Roaming\npm\node_modules\hexo\node_modules\async\lib\async.js:149:13)
    at Object.async.eachSeries (G:\Users\kyle\AppData\Roaming\npm\node_modules\hexo\node_modules\async\lib\async.js:165:9)
    at G:\Users\kyle\AppData\Roaming\npm\node_modules\hexo\lib\plugins\console\deploy.js:66:11
    at G:\Users\kyle\AppData\Roaming\npm\node_modules\hexo\lib\plugins\console\deploy.js:32:27
    at Object.cb [as oncomplete] (evalmachine.<anonymous>:168:19)
